* using log directory ‘/Users/claradionet/Documents/R/rubasic/musictasteR.Rcheck’
* using R version 3.5.1 (2018-07-02)
* using platform: x86_64-apple-darwin15.6.0 (64-bit)
* using session charset: UTF-8
* using options ‘--no-manual --as-cran’
* checking for file ‘musictasteR/DESCRIPTION’ ... OK
* this is package ‘musictasteR’ version ‘0.0.0.9000’
* package encoding: UTF-8
* checking package namespace information ... OK
* checking package dependencies ... OK
* checking if this is a source package ... OK
* checking if there is a namespace ... OK
* checking for executable files ... OK
* checking for hidden files and directories ... OK
* checking for portable file names ... OK
* checking for sufficient/correct file permissions ... OK
* checking whether package ‘musictasteR’ can be installed ... OK
* checking installed package size ... NOTE
  installed size is 19.1Mb
  sub-directories of 1Mb or more:
    data  19.0Mb
* checking package directory ... OK
* checking ‘build’ directory ... OK
* checking DESCRIPTION meta-information ... OK
* checking top-level files ... OK
* checking for left-over files ... OK
* checking index information ... OK
* checking package subdirectories ...